INFO:sentence_transformers.SentenceTransformer:Use pytorch device_name: cpu
INFO:sentence_transformers.SentenceTransformer:Load pretrained SentenceTransformer: paraphrase-multilingual-mpnet-base-v2
INFO:__main__:Search query: 'Какие действия может совершать торговая площадка, если Клиент использует ее для взаимодействия с системой МОНЕТА?' | Key terms: ['использует', 'системой', 'если', 'клиент', 'может', 'взаимодействия', 'действия', 'торговая', 'какие', 'площадка', 'монета', 'совершать']
INFO:httpx:HTTP Request: GET http://localhost:8081/v1/.well-known/openid-configuration "HTTP/1.1 404 Not Found"
INFO:httpx:HTTP Request: GET http://localhost:8081/v1/meta "HTTP/1.1 200 OK"
INFO:httpx:HTTP Request: GET https://pypi.org/pypi/weaviate-client/json "HTTP/1.1 200 OK"
ERROR:__main__:Error processing query 'Какие действия может совершать торговая площадка, если Клиент использует ее для взаимодействия с системой МОНЕТА?': _HybridQueryExecutor.hybrid() got an unexpected keyword argument 'additional_headers'
Traceback (most recent call last):
  File "C:\Users\MSI\PycharmProjects\PythonProject\Task3\Weaviate\HybridSearch.py", line 104, in search_precise_answer
    response = chunks_collection.query.hybrid(
        query=user_query,
    ...<5 lines>...
        additional_headers={"X-Request-Source": "secure_search"}
    )
TypeError: _HybridQueryExecutor.hybrid() got an unexpected keyword argument 'additional_headers'
INFO:__main__:Search query: 'Что делать при отказе из-за ЕГРЮЛ?' | Key terms: ['отказе', 'егрюл', 'делать']
INFO:httpx:HTTP Request: GET http://localhost:8081/v1/.well-known/openid-configuration "HTTP/1.1 404 Not Found"
INFO:httpx:HTTP Request: GET http://localhost:8081/v1/meta "HTTP/1.1 200 OK"
INFO:httpx:HTTP Request: GET https://pypi.org/pypi/weaviate-client/json "HTTP/1.1 200 OK"
ERROR:__main__:Error processing query 'Что делать при отказе из-за ЕГРЮЛ?': _HybridQueryExecutor.hybrid() got an unexpected keyword argument 'additional_headers'
Traceback (most recent call last):
  File "C:\Users\MSI\PycharmProjects\PythonProject\Task3\Weaviate\HybridSearch.py", line 104, in search_precise_answer
    response = chunks_collection.query.hybrid(
        query=user_query,
    ...<5 lines>...
        additional_headers={"X-Request-Source": "secure_search"}
    )
TypeError: _HybridQueryExecutor.hybrid() got an unexpected keyword argument 'additional_headers'
INFO:__main__:Search query: 'Как проверить статус заявки?' | Key terms: ['проверить', 'заявки', 'статус']
INFO:httpx:HTTP Request: GET http://localhost:8081/v1/.well-known/openid-configuration "HTTP/1.1 404 Not Found"
INFO:httpx:HTTP Request: GET http://localhost:8081/v1/meta "HTTP/1.1 200 OK"
INFO:httpx:HTTP Request: GET https://pypi.org/pypi/weaviate-client/json "HTTP/1.1 200 OK"
ERROR:__main__:Error processing query 'Как проверить статус заявки?': _HybridQueryExecutor.hybrid() got an unexpected keyword argument 'additional_headers'
Traceback (most recent call last):
  File "C:\Users\MSI\PycharmProjects\PythonProject\Task3\Weaviate\HybridSearch.py", line 104, in search_precise_answer
    response = chunks_collection.query.hybrid(
        query=user_query,
    ...<5 lines>...
        additional_headers={"X-Request-Source": "secure_search"}
    )
TypeError: _HybridQueryExecutor.hybrid() got an unexpected keyword argument 'additional_headers'
